<?xml version="1.0" encoding="UTF-8"?>
<!-- Generated by org.testng.reporters.JUnitReportReporter -->
<testsuite hostname="DESKTOP-9P30N8Q" failures="0" tests="1" name="base.AutomateEdureka" time="213.607" errors="0" timestamp="2023-10-29T22:21:37 BDT" skipped="0">
  <testcase classname="base.AutomateEdureka" name="EdurekaProfile" time="213.607"/>
</testsuite> <!-- base.AutomateEdureka -->
